Traceback (most recent call last):
  File "C:\Users\User\AppData\Local\Programs\Python\Python310\lib\runpy.py", line 196, in _run_module_as_main
    return _run_code(code, main_globals, None,
  File "C:\Users\User\AppData\Local\Programs\Python\Python310\lib\runpy.py", line 86, in _run_code
    exec(code, run_globals)
  File "C:\Users\User\AppData\Local\Programs\Python\Python310\Scripts\uvicorn.exe\__main__.py", line 7, in <module>
    sys.exit(main())
  File "C:\Users\User\AppData\Local\Programs\Python\Python310\lib\site-packages\click\core.py", line 1161, in __call__
    return self.main(*args, **kwargs)
  File "C:\Users\User\AppData\Local\Programs\Python\Python310\lib\site-packages\click\core.py", line 1082, in main
    rv = self.invoke(ctx)
  File "C:\Users\User\AppData\Local\Programs\Python\Python310\lib\site-packages\click\core.py", line 1443, in invoke
    return ctx.invoke(self.callback, **ctx.params)
  File "C:\Users\User\AppData\Local\Programs\Python\Python310\lib\site-packages\click\core.py", line 788, in invoke
    return __callback(*args, **kwargs)
  File "C:\Users\User\AppData\Local\Programs\Python\Python310\lib\site-packages\uvicorn\main.py", line 433, in main
    run(
  File "C:\Users\User\AppData\Local\Programs\Python\Python310\lib\site-packages\uvicorn\main.py", line 606, in run
    server.run()
  File "C:\Users\User\AppData\Local\Programs\Python\Python310\lib\site-packages\uvicorn\server.py", line 75, in run
    return asyncio_run(self.serve(sockets=sockets), loop_factory=self.config.get_loop_factory())
  File "C:\Users\User\AppData\Local\Programs\Python\Python310\lib\site-packages\uvicorn\_compat.py", line 60, in asyncio_run
    return loop.run_until_complete(main)
  File "C:\Users\User\AppData\Local\Programs\Python\Python310\lib\asyncio\base_events.py", line 649, in run_until_complete
    return future.result()
  File "C:\Users\User\AppData\Local\Programs\Python\Python310\lib\site-packages\uvicorn\server.py", line 79, in serve
    await self._serve(sockets)
  File "C:\Users\User\AppData\Local\Programs\Python\Python310\lib\site-packages\uvicorn\server.py", line 86, in _serve
    config.load()
  File "C:\Users\User\AppData\Local\Programs\Python\Python310\lib\site-packages\uvicorn\config.py", line 441, in load
    self.loaded_app = import_from_string(self.app)
  File "C:\Users\User\AppData\Local\Programs\Python\Python310\lib\site-packages\uvicorn\importer.py", line 22, in import_from_string
    raise exc from None
  File "C:\Users\User\AppData\Local\Programs\Python\Python310\lib\site-packages\uvicorn\importer.py", line 19, in import_from_string
    module = importlib.import_module(module_str)
  File "C:\Users\User\AppData\Local\Programs\Python\Python310\lib\importlib\__init__.py", line 126, in import_module
    return _bootstrap._gcd_import(name[level:], package, level)
  File "<frozen importlib._bootstrap>", line 1050, in _gcd_import
  File "<frozen importlib._bootstrap>", line 1027, in _find_and_load
  File "<frozen importlib._bootstrap>", line 1006, in _find_and_load_unlocked
  File "<frozen importlib._bootstrap>", line 688, in _load_unlocked
  File "<frozen importlib._bootstrap_external>", line 883, in exec_module
  File "<frozen importlib._bootstrap>", line 241, in _call_with_frames_removed
  File "C:\Users\User\Desktop\aetherdesk_scaffold\apps\api\main.py", line 6, in <module>
    from apps.api.routers import webhooks_twilio, engine, agent, protocols, voice, realtime
  File "C:\Users\User\Desktop\aetherdesk_scaffold\apps\api\routers\engine.py", line 3, in <module>
    from twilio.twiml.messaging_response import MessagingResponse
ModuleNotFoundError: No module named 'twilio'
